
================================================================================
             OU 3.0+ HALF TIME ALERT CYCLE - HALF TIME MATCHES ONLY             
                     Alert Time: 05/28/2025 11:14:34 PM EDT                     
                  NEW Half Time Matches Found: 1 of 18 scanned                  
================================================================================

================================================================================
                           OU 3.0+ HALF TIME ALERT #1                           
                       Found: 05/28/2025 11:14:34 PM EDT                        
                           Match ID: y39mp1hzgn5xmoj                            
                        Competition ID: kn54qllhg2qvy9d                         
================================================================================

Competition: United States Major League Soccer (United States)
Match: Portland Timbers vs Colorado Rapids
Score: 0 - 0 (HT: 0 - 0)
Status: Half Time (ID: 2)

--- MATCH BETTING ODDS ---
│ ML:     │ Home: -141 │ Draw: +285  │ Away: +363  │ (@6')
│ Spread: │ Home: -109 │ Hcap: 0.75  │ Away: -101  │ (@6')
│ O/U:    │ Over: +103 │ Line: 3.0   │ Under: -118 │ (@6') ★

--- MATCH ENVIRONMENT ---
Weather: Foggy
Temperature: 73.4°F
Wind: Light Air, 3.4 mph

================================================================================
             OU 3.0+ HALF TIME ALERT CYCLE - HALF TIME MATCHES ONLY             
                     Alert Time: 05/28/2025 11:15:49 PM EDT                     
                  NEW Half Time Matches Found: 1 of 20 scanned                  
================================================================================

================================================================================
                           OU 3.0+ HALF TIME ALERT #2                           
                       Found: 05/28/2025 11:15:49 PM EDT                        
                           Match ID: y39mp1hzgn5xmoj                            
                        Competition ID: kn54qllhg2qvy9d                         
================================================================================

Competition: United States Major League Soccer (United States)
Match: Portland Timbers vs Colorado Rapids
Score: 0 - 1 (HT: 0 - 1)
Status: Half Time (ID: 2)

--- MATCH BETTING ODDS ---
│ ML:     │ Home: -141 │ Draw: +285  │ Away: +363  │ (@6')
│ Spread: │ Home: -109 │ Hcap: 0.75  │ Away: -101  │ (@6')
│ O/U:    │ Over: +103 │ Line: 3.0   │ Under: -118 │ (@6') ★

--- MATCH ENVIRONMENT ---
Weather: Foggy
Temperature: 73.4°F
Wind: Light Air, 3.4 mph

================================================================================
             OU 3.0+ HALF TIME ALERT CYCLE - HALF TIME MATCHES ONLY             
                     Alert Time: 05/28/2025 11:16:14 PM EDT                     
                  NEW Half Time Matches Found: 1 of 19 scanned                  
================================================================================

================================================================================
                           OU 3.0+ HALF TIME ALERT #3                           
                       Found: 05/28/2025 11:16:14 PM EDT                        
                           Match ID: y39mp1hzgn5xmoj                            
                        Competition ID: kn54qllhg2qvy9d                         
================================================================================

Competition: United States Major League Soccer (United States)
Match: Portland Timbers vs Colorado Rapids
Score: 0 - 1 (HT: 0 - 1)
Status: Half Time (ID: 2)

--- MATCH BETTING ODDS ---
│ ML:     │ Home: -141 │ Draw: +285  │ Away: +363  │ (@6')
│ Spread: │ Home: -109 │ Hcap: 0.75  │ Away: -101  │ (@6')
│ O/U:    │ Over: +103 │ Line: 3.0   │ Under: -118 │ (@6') ★

--- MATCH ENVIRONMENT ---
Weather: Foggy
Temperature: 73.4°F
Wind: Light Air, 3.4 mph

================================================================================
             OU 3.0+ HALF TIME ALERT CYCLE - HALF TIME MATCHES ONLY             
                     Alert Time: 05/28/2025 11:16:39 PM EDT                     
                  NEW Half Time Matches Found: 1 of 19 scanned                  
================================================================================

================================================================================
                           OU 3.0+ HALF TIME ALERT #4                           
                       Found: 05/28/2025 11:16:39 PM EDT                        
                           Match ID: y39mp1hzgn5xmoj                            
                        Competition ID: kn54qllhg2qvy9d                         
================================================================================

Competition: United States Major League Soccer (United States)
Match: Portland Timbers vs Colorado Rapids
Score: 0 - 1 (HT: 0 - 1)
Status: Half Time (ID: 2)

--- MATCH BETTING ODDS ---
│ ML:     │ Home: -141 │ Draw: +285  │ Away: +363  │ (@6')
│ Spread: │ Home: -109 │ Hcap: 0.75  │ Away: -101  │ (@6')
│ O/U:    │ Over: +103 │ Line: 3.0   │ Under: -118 │ (@6') ★

--- MATCH ENVIRONMENT ---
Weather: Foggy
Temperature: 73.4°F
Wind: Light Air, 3.4 mph

================================================================================
              OU 3.0+ HALF TIME ALERT CYCLE - HALF-TIME BREAK ONLY              
                     Alert Time: 05/28/2025 11:25:18 PM EDT                     
                  NEW Half-time Matches Found: 1 of 15 scanned                  
================================================================================

================================================================================
                           OU 3.0+ HALF TIME ALERT #5                           
                       Found: 05/28/2025 11:25:18 PM EDT                        
                           Match ID: dj2ryoh160geq1z                            
                        Competition ID: kn54qllhg2qvy9d                         
================================================================================

Competition: United States Major League Soccer (United States)
Match: Los Angeles Galaxy vs San Jose Earthquakes
Score: 0 - 0 (HT: 0 - 0)
Status: Half-time break (ID: 3)

--- MATCH BETTING ODDS ---
│ ML:     │ Home: +139 │ Draw: +254  │ Away: +181  │ (@6')
│ Spread: │ Home: +110 │ Hcap: 0.25  │ Away: -123  │ (@6')
│ O/U:    │ Over: -108 │ Line: 3.0   │ Under: -105 │ (@6') ★

--- MATCH ENVIRONMENT ---
Weather: Sunny
Temperature: 64.4°F
Wind: Light Breeze, 4.0 mph
