
================================================================================
                    OU 3.0+ ALERT - MONITORING CYCLE: #6787                     
                     Alert Time: 05/28/2025 10:46:27 PM EDT                     
                         Matches Found: 6 of 22 scanned                         
================================================================================

================================================================================
                              OU 3.0+ MATCH 1 of 6                              
                       Found: 05/28/2025 10:46:27 PM EDT                        
                           Match ID: y39mp1hzgn5xmoj                            
                        Competition ID: kn54qllhg2qvy9d                         
================================================================================

Competition: United States Major League Soccer (United States)
Match: Portland Timbers vs Colorado Rapids
Score: 0 - 0 (HT: 0 - 0)
Status: Half Time (ID: 2)

--- OVER/UNDER LINES 3.0+ ---
│ Line: 3.0 │ Over: -101 │ Under: -112 │ (@5)

--- MATCH ENVIRONMENT ---
Temperature: 73.4°F
Wind: Gentle Breeze, 8.3 mph

--------------------------------------------------------------------------------

================================================================================
                              OU 3.0+ MATCH 2 of 6                              
                       Found: 05/28/2025 10:46:27 PM EDT                        
                           Match ID: dj2ryoh160geq1z                            
                        Competition ID: kn54qllhg2qvy9d                         
================================================================================

Competition: United States Major League Soccer (United States)
Match: Los Angeles Galaxy vs San Jose Earthquakes
Score: 0 - 0 (HT: 0 - 0)
Status: Half Time (ID: 2)

--- OVER/UNDER LINES 3.0+ ---
│ Line: 3.0 │ Over: -108 │ Under: -105 │ (@6)

--- MATCH ENVIRONMENT ---
Temperature: 64.4°F
Wind: Light Air, 3.4 mph

--------------------------------------------------------------------------------

================================================================================
                              OU 3.0+ MATCH 3 of 6                              
                       Found: 05/28/2025 10:46:27 PM EDT                        
                           Match ID: 2y8m4zh536peql0                            
                        Competition ID: gx7lm7ph9lgm2wd                         
================================================================================

Competition: USL League Two (United States)
Match: Davis Legacy SC vs Project 51O
Score: 0 - 0 (HT: 0 - 0)
Status: Half Time (ID: 2)

--- OVER/UNDER LINES 3.0+ ---
│ Line: 3.25 │ Over: -114 │ Under: -116 │ (@6)

--- MATCH ENVIRONMENT ---
Temperature: 71.6°F
Wind: Light Breeze, 7.6 mph

--------------------------------------------------------------------------------

================================================================================
                              OU 3.0+ MATCH 4 of 6                              
                       Found: 05/28/2025 10:46:27 PM EDT                        
                           Match ID: 6ypq3nhv03nomd7                            
                        Competition ID: gx7lm7ph9lgm2wd                         
================================================================================

Competition: USL League Two (United States)
Match: Ventura County Fusion vs Hippocampus of southern California
Score: 0 - 1 (HT: 0 - 1)
Status: Half Time (ID: 2)

--- OVER/UNDER LINES 3.0+ ---
│ Line: 4.5 │ Over: -115 │ Under: -118 │ (@6)

--- MATCH ENVIRONMENT ---
Temperature: 59.0°F
Wind: Light Air, 3.4 mph

--------------------------------------------------------------------------------

================================================================================
                              OU 3.0+ MATCH 5 of 6                              
                       Found: 05/28/2025 10:46:27 PM EDT                        
                           Match ID: pxwrxlhyg538ryk                            
                        Competition ID: j1l4rjnhjg1m7vx                         
================================================================================

Competition: USA ULOC (United States)
Match: Monterey Bay FC vs Spokane Velocity
Score: 1 - 0 (HT: 1 - 0)
Status: Half Time (ID: 2)

--- OVER/UNDER LINES 3.0+ ---
│ Line: 3.5 │ Over: -108 │ Under: -119 │ (@6)

--- MATCH ENVIRONMENT ---
Temperature: 59.0°F
Wind: Light Breeze, 6.5 mph

--------------------------------------------------------------------------------

================================================================================
                              OU 3.0+ MATCH 6 of 6                              
                       Found: 05/28/2025 10:46:27 PM EDT                        
                           Match ID: y39mp1h63oyomoj                            
                        Competition ID: z8yomo4h24dq0j6                         
================================================================================

Competition: United States Women's Premier League (United States)
Match: Rebels SC (W) vs SoCal FC (w)
Score: 0 - 0 (HT: 0 - 0)
Status: Half Time (ID: 2)

--- OVER/UNDER LINES 3.0+ ---
│ Line: 3.5 │ Over: -109 │ Under: -123 │ (@6)

--- MATCH ENVIRONMENT ---
Temperature: 95.0°F
Wind: Gentle Breeze, 10.7 mph

================================================================================
                       END OF OU 3.0+ ALERT CYCLE: #6787                        
                     Alert Time: 05/28/2025 10:46:27 PM EDT                     
                         Matches Found: 6 of 22 scanned                         
================================================================================

================================================================================
                    OU 3.0+ ALERT - LIVE MATCHES ONLY: #6994                    
                     Alert Time: 05/28/2025 10:49:54 PM EDT                     
                       NEW Matches Found: 6 of 19 scanned                       
================================================================================

================================================================================
                              OU 3.0+ MATCH 1 of 6                              
                       Found: 05/28/2025 10:49:54 PM EDT                        
                           Match ID: y39mp1hzgn5xmoj                            
                        Competition ID: kn54qllhg2qvy9d                         
================================================================================

Competition: United States Major League Soccer (United States)
Match: Portland Timbers vs Colorado Rapids
Score: 0 - 0 (HT: 0 - 0)
Status: Half Time (ID: 2)

--- OVER/UNDER LINES 3.0+ ---
│ Line: 3.0 │ Over: +103 │ Under: -118 │ (@6)

--- MATCH ENVIRONMENT ---
Temperature: 73.4°F
Wind: Gentle Breeze, 8.3 mph

--------------------------------------------------------------------------------

================================================================================
                              OU 3.0+ MATCH 2 of 6                              
                       Found: 05/28/2025 10:49:54 PM EDT                        
                           Match ID: dj2ryoh160geq1z                            
                        Competition ID: kn54qllhg2qvy9d                         
================================================================================

Competition: United States Major League Soccer (United States)
Match: Los Angeles Galaxy vs San Jose Earthquakes
Score: 0 - 0 (HT: 0 - 0)
Status: Half Time (ID: 2)

--- OVER/UNDER LINES 3.0+ ---
│ Line: 3.0 │ Over: -108 │ Under: -105 │ (@6)

--- MATCH ENVIRONMENT ---
Temperature: 64.4°F
Wind: Light Air, 3.4 mph

--------------------------------------------------------------------------------

================================================================================
                              OU 3.0+ MATCH 3 of 6                              
                       Found: 05/28/2025 10:49:54 PM EDT                        
                           Match ID: 2y8m4zh536peql0                            
                        Competition ID: gx7lm7ph9lgm2wd                         
================================================================================

Competition: USL League Two (United States)
Match: Davis Legacy SC vs Project 51O
Score: 0 - 0 (HT: 0 - 0)
Status: Half Time (ID: 2)

--- OVER/UNDER LINES 3.0+ ---
│ Line: 3.25 │ Over: -114 │ Under: -116 │ (@6)

--- MATCH ENVIRONMENT ---
Temperature: 71.6°F
Wind: Light Breeze, 7.6 mph

--------------------------------------------------------------------------------

================================================================================
                              OU 3.0+ MATCH 4 of 6                              
                       Found: 05/28/2025 10:49:54 PM EDT                        
                           Match ID: 6ypq3nhv03nomd7                            
                        Competition ID: gx7lm7ph9lgm2wd                         
================================================================================

Competition: USL League Two (United States)
Match: Ventura County Fusion vs Hippocampus of southern California
Score: 0 - 1 (HT: 0 - 1)
Status: Half Time (ID: 2)

--- OVER/UNDER LINES 3.0+ ---
│ Line: 4.5 │ Over: -115 │ Under: -118 │ (@6)

--- MATCH ENVIRONMENT ---
Temperature: 59.0°F
Wind: Light Air, 3.4 mph

--------------------------------------------------------------------------------

================================================================================
                              OU 3.0+ MATCH 5 of 6                              
                       Found: 05/28/2025 10:49:54 PM EDT                        
                           Match ID: pxwrxlhyg538ryk                            
                        Competition ID: j1l4rjnhjg1m7vx                         
================================================================================

Competition: USA ULOC (United States)
Match: Monterey Bay FC vs Spokane Velocity
Score: 1 - 0 (HT: 1 - 0)
Status: Half Time (ID: 2)

--- OVER/UNDER LINES 3.0+ ---
│ Line: 3.5 │ Over: -108 │ Under: -119 │ (@6)

--- MATCH ENVIRONMENT ---
Temperature: 59.0°F
Wind: Light Breeze, 6.5 mph

--------------------------------------------------------------------------------

================================================================================
                              OU 3.0+ MATCH 6 of 6                              
                       Found: 05/28/2025 10:49:54 PM EDT                        
                           Match ID: y39mp1h63oyomoj                            
                        Competition ID: z8yomo4h24dq0j6                         
================================================================================

Competition: United States Women's Premier League (United States)
Match: Rebels SC (W) vs SoCal FC (w)
Score: 0 - 0 (HT: 0 - 0)
Status: Second Half (ID: 3)

--- OVER/UNDER LINES 3.0+ ---
│ Line: 3.5 │ Over: -109 │ Under: -123 │ (@6)

--- MATCH ENVIRONMENT ---
Temperature: 95.0°F
Wind: Gentle Breeze, 10.7 mph

================================================================================
                    END OU 3.0+ ALERT - LIVE MATCHES: #6994                     
                     Alert Time: 05/28/2025 10:49:54 PM EDT                     
                       NEW Matches Found: 6 of 19 scanned                       
================================================================================

================================================================================
                    OU 3.0+ ALERT - LIVE MATCHES ONLY: #7162                    
                     Alert Time: 05/28/2025 10:52:42 PM EDT                     
                       NEW Matches Found: 6 of 19 scanned                       
================================================================================

================================================================================
                              OU 3.0+ MATCH 1 of 6                              
                       Found: 05/28/2025 10:52:42 PM EDT                        
                           Match ID: y39mp1hzgn5xmoj                            
                        Competition ID: kn54qllhg2qvy9d                         
================================================================================

Competition: United States Major League Soccer (United States)
Match: Portland Timbers vs Colorado Rapids
Score: 0 - 0 (HT: 0 - 0)
Status: Half Time (ID: 2)

--- MATCH BETTING ODDS ---
│ ML:     │ Home: -141 │ Draw: +285  │ Away: +363  │ (@6')
│ Spread: │ Home: -109 │ Hcap: 0.75  │ Away: -101  │ (@6')
│ O/U:    │ Over: +103 │ Line: 3.0   │ Under: -118 │ (@6') ★

--- MATCH ENVIRONMENT ---
Temperature: 73.4°F
Wind: Light Breeze, 4.0 mph

--------------------------------------------------------------------------------

================================================================================
                              OU 3.0+ MATCH 2 of 6                              
                       Found: 05/28/2025 10:52:42 PM EDT                        
                           Match ID: dj2ryoh160geq1z                            
                        Competition ID: kn54qllhg2qvy9d                         
================================================================================

Competition: United States Major League Soccer (United States)
Match: Los Angeles Galaxy vs San Jose Earthquakes
Score: 0 - 0 (HT: 0 - 0)
Status: Half Time (ID: 2)

--- MATCH BETTING ODDS ---
│ ML:     │ Home: +139 │ Draw: +254  │ Away: +181  │ (@6')
│ Spread: │ Home: +110 │ Hcap: 0.25  │ Away: -123  │ (@6')
│ O/U:    │ Over: -108 │ Line: 3.0   │ Under: -105 │ (@6') ★

--- MATCH ENVIRONMENT ---
Temperature: 64.4°F
Wind: Light Air, 3.4 mph

--------------------------------------------------------------------------------

================================================================================
                              OU 3.0+ MATCH 3 of 6                              
                       Found: 05/28/2025 10:52:42 PM EDT                        
                           Match ID: 2y8m4zh536peql0                            
                        Competition ID: gx7lm7ph9lgm2wd                         
================================================================================

Competition: USL League Two (United States)
Match: Davis Legacy SC vs Project 51O
Score: 0 - 0 (HT: 0 - 0)
Status: Second Half (ID: 3)

--- MATCH BETTING ODDS ---
│ ML:     │ Home: +198 │ Draw: +280  │ Away: -106  │ (@6')
│ Spread: │ Home: -127 │ Hcap: -0.5  │ Away: -106  │ (@6')
│ O/U:    │ Over: -114 │ Line: 3.25  │ Under: -116 │ (@6') ★

--- MATCH ENVIRONMENT ---
Temperature: 69.8°F
Wind: Light Breeze, 7.6 mph

--------------------------------------------------------------------------------

================================================================================
                              OU 3.0+ MATCH 4 of 6                              
                       Found: 05/28/2025 10:52:42 PM EDT                        
                           Match ID: 6ypq3nhv03nomd7                            
                        Competition ID: gx7lm7ph9lgm2wd                         
================================================================================

Competition: USL League Two (United States)
Match: Ventura County Fusion vs Hippocampus of southern California
Score: 0 - 1 (HT: 0 - 1)
Status: Second Half (ID: 3)

--- MATCH BETTING ODDS ---
│ ML:     │ Home: -10000 │ Draw: +950  │ Away: +1450 │ (@5')
│ Spread: │ Home: -106 │ Hcap: 3.25  │ Away: -128  │ (@6')
│ O/U:    │ Over: -115 │ Line: 4.5   │ Under: -118 │ (@6') ★

--- MATCH ENVIRONMENT ---
Temperature: 59.0°F
Wind: Light Air, 2.7 mph

--------------------------------------------------------------------------------

================================================================================
                              OU 3.0+ MATCH 5 of 6                              
                       Found: 05/28/2025 10:52:42 PM EDT                        
                           Match ID: pxwrxlhyg538ryk                            
                        Competition ID: j1l4rjnhjg1m7vx                         
================================================================================

Competition: USA ULOC (United States)
Match: Monterey Bay FC vs Spokane Velocity
Score: 1 - 0 (HT: 1 - 0)
Status: Half Time (ID: 2)

--- MATCH BETTING ODDS ---
│ ML:     │ Home: -143 │ Draw: +274  │ Away: +347  │ (@6')
│ Spread: │ Home: -108 │ Hcap: -0.25 │ Away: -118  │ (@5')
│ O/U:    │ Over: -108 │ Line: 3.5   │ Under: -119 │ (@6') ★

--- MATCH ENVIRONMENT ---
Temperature: 57.2°F
Wind: Light Breeze, 6.5 mph

--------------------------------------------------------------------------------

================================================================================
                              OU 3.0+ MATCH 6 of 6                              
                       Found: 05/28/2025 10:52:42 PM EDT                        
                           Match ID: y39mp1h63oyomoj                            
                        Competition ID: z8yomo4h24dq0j6                         
================================================================================

Competition: United States Women's Premier League (United States)
Match: Rebels SC (W) vs SoCal FC (w)
Score: 0 - 0 (HT: 0 - 0)
Status: Second Half (ID: 3)

--- MATCH BETTING ODDS ---
│ ML:     │ Home: +123 │ Draw: +272  │ Away: +152  │ (@6')
│ Spread: │ Home: -133 │ Hcap: 0.0   │ Away: -101  │ (@5')
│ O/U:    │ Over: -109 │ Line: 3.5   │ Under: -123 │ (@6') ★

--- MATCH ENVIRONMENT ---
Temperature: 95.0°F
Wind: Gentle Breeze, 10.7 mph

================================================================================
                    END OU 3.0+ ALERT - LIVE MATCHES: #7162                     
                     Alert Time: 05/28/2025 10:52:42 PM EDT                     
                       NEW Matches Found: 6 of 19 scanned                       
================================================================================

================================================================================
                    OU 3.0+ ALERT - LIVE MATCHES ONLY: #7337                    
                     Alert Time: 05/28/2025 10:55:37 PM EDT                     
                       NEW Matches Found: 6 of 23 scanned                       
================================================================================

================================================================================
                              OU 3.0+ MATCH 1 of 6                              
                       Found: 05/28/2025 10:55:37 PM EDT                        
                           Match ID: y39mp1hzgn5xmoj                            
                        Competition ID: kn54qllhg2qvy9d                         
================================================================================

Competition: United States Major League Soccer (United States)
Match: Portland Timbers vs Colorado Rapids
Score: 0 - 0 (HT: 0 - 0)
Status: Half Time (ID: 2)

--- MATCH BETTING ODDS ---
│ ML:     │ Home: -141 │ Draw: +285  │ Away: +363  │ (@6')
│ Spread: │ Home: -109 │ Hcap: 0.75  │ Away: -101  │ (@6')
│ O/U:    │ Over: +103 │ Line: 3.0   │ Under: -118 │ (@6') ★

--- MATCH ENVIRONMENT ---
Weather: Foggy
Temperature: 73.4°F
Wind: Light Breeze, 4.0 mph

--------------------------------------------------------------------------------

================================================================================
                              OU 3.0+ MATCH 2 of 6                              
                       Found: 05/28/2025 10:55:37 PM EDT                        
                           Match ID: dj2ryoh160geq1z                            
                        Competition ID: kn54qllhg2qvy9d                         
================================================================================

Competition: United States Major League Soccer (United States)
Match: Los Angeles Galaxy vs San Jose Earthquakes
Score: 0 - 0 (HT: 0 - 0)
Status: Half Time (ID: 2)

--- MATCH BETTING ODDS ---
│ ML:     │ Home: +139 │ Draw: +254  │ Away: +181  │ (@6')
│ Spread: │ Home: +110 │ Hcap: 0.25  │ Away: -123  │ (@6')
│ O/U:    │ Over: -108 │ Line: 3.0   │ Under: -105 │ (@6') ★

--- MATCH ENVIRONMENT ---
Weather: Sunny
Temperature: 64.4°F
Wind: Light Air, 3.4 mph

--------------------------------------------------------------------------------

================================================================================
                              OU 3.0+ MATCH 3 of 6                              
                       Found: 05/28/2025 10:55:37 PM EDT                        
                           Match ID: 2y8m4zh536peql0                            
                        Competition ID: gx7lm7ph9lgm2wd                         
================================================================================

Competition: USL League Two (United States)
Match: Davis Legacy SC vs Project 51O
Score: 0 - 0 (HT: 0 - 0)
Status: Second Half (ID: 3)

--- MATCH BETTING ODDS ---
│ ML:     │ Home: +198 │ Draw: +280  │ Away: -106  │ (@6')
│ Spread: │ Home: -127 │ Hcap: -0.5  │ Away: -106  │ (@6')
│ O/U:    │ Over: -114 │ Line: 3.25  │ Under: -116 │ (@6') ★

--- MATCH ENVIRONMENT ---
Weather: Foggy
Temperature: 69.8°F
Wind: Light Breeze, 7.6 mph

--------------------------------------------------------------------------------

================================================================================
                              OU 3.0+ MATCH 4 of 6                              
                       Found: 05/28/2025 10:55:37 PM EDT                        
                           Match ID: 6ypq3nhv03nomd7                            
                        Competition ID: gx7lm7ph9lgm2wd                         
================================================================================

Competition: USL League Two (United States)
Match: Ventura County Fusion vs Hippocampus of southern California
Score: 0 - 1 (HT: 0 - 1)
Status: Second Half (ID: 3)

--- MATCH BETTING ODDS ---
│ ML:     │ Home: -10000 │ Draw: +950  │ Away: +1450 │ (@5')
│ Spread: │ Home: -106 │ Hcap: 3.25  │ Away: -128  │ (@6')
│ O/U:    │ Over: -115 │ Line: 4.5   │ Under: -118 │ (@6') ★

--- MATCH ENVIRONMENT ---
Weather: Sunny
Temperature: 59.0°F
Wind: Light Air, 2.7 mph

--------------------------------------------------------------------------------

================================================================================
                              OU 3.0+ MATCH 5 of 6                              
                       Found: 05/28/2025 10:55:37 PM EDT                        
                           Match ID: pxwrxlhyg538ryk                            
                        Competition ID: j1l4rjnhjg1m7vx                         
================================================================================

Competition: USA ULOC (United States)
Match: Monterey Bay FC vs Spokane Velocity
Score: 1 - 0 (HT: 1 - 0)
Status: Half Time (ID: 2)

--- MATCH BETTING ODDS ---
│ ML:     │ Home: -143 │ Draw: +274  │ Away: +347  │ (@6')
│ Spread: │ Home: -108 │ Hcap: -0.25 │ Away: -118  │ (@5')
│ O/U:    │ Over: -108 │ Line: 3.5   │ Under: -119 │ (@6') ★

--- MATCH ENVIRONMENT ---
Weather: Foggy
Temperature: 57.2°F
Wind: Light Breeze, 6.5 mph

--------------------------------------------------------------------------------

================================================================================
                              OU 3.0+ MATCH 6 of 6                              
                       Found: 05/28/2025 10:55:37 PM EDT                        
                           Match ID: y39mp1h63oyomoj                            
                        Competition ID: z8yomo4h24dq0j6                         
================================================================================

Competition: United States Women's Premier League (United States)
Match: Rebels SC (W) vs SoCal FC (w)
Score: 0 - 0 (HT: 0 - 0)
Status: Second Half (ID: 3)

--- MATCH BETTING ODDS ---
│ ML:     │ Home: +123 │ Draw: +272  │ Away: +152  │ (@6')
│ Spread: │ Home: -133 │ Hcap: 0.0   │ Away: -101  │ (@5')
│ O/U:    │ Over: -109 │ Line: 3.5   │ Under: -123 │ (@6') ★

--- MATCH ENVIRONMENT ---
Weather: Sunny
Temperature: 95.0°F
Wind: Gentle Breeze, 10.7 mph

================================================================================
                    END OU 3.0+ ALERT - LIVE MATCHES: #7337                     
                     Alert Time: 05/28/2025 10:55:37 PM EDT                     
                       NEW Matches Found: 6 of 23 scanned                       
================================================================================

================================================================================
                    OU 3.0+ ALERT CYCLE - LIVE MATCHES ONLY                     
                     Alert Time: 05/28/2025 11:03:35 PM EDT                     
                       NEW Matches Found: 5 of 21 scanned                       
================================================================================

================================================================================
                                OU 3.0+ ALERT #1                                
                       Found: 05/28/2025 11:03:35 PM EDT                        
                           Match ID: y39mp1hzgn5xmoj                            
                        Competition ID: kn54qllhg2qvy9d                         
================================================================================

Competition: United States Major League Soccer (United States)
Match: Portland Timbers vs Colorado Rapids
Score: 0 - 0 (HT: 0 - 0)
Status: Half Time (ID: 2)

--- MATCH BETTING ODDS ---
│ ML:     │ Home: -141 │ Draw: +285  │ Away: +363  │ (@6')
│ Spread: │ Home: -109 │ Hcap: 0.75  │ Away: -101  │ (@6')
│ O/U:    │ Over: +103 │ Line: 3.0   │ Under: -118 │ (@6') ★

--- MATCH ENVIRONMENT ---
Weather: Foggy
Temperature: 73.4°F
Wind: Light Breeze, 4.0 mph

--------------------------------------------------------------------------------

================================================================================
                                OU 3.0+ ALERT #2                                
                       Found: 05/28/2025 11:03:35 PM EDT                        
                           Match ID: dj2ryoh160geq1z                            
                        Competition ID: kn54qllhg2qvy9d                         
================================================================================

Competition: United States Major League Soccer (United States)
Match: Los Angeles Galaxy vs San Jose Earthquakes
Score: 0 - 0 (HT: 0 - 0)
Status: Half Time (ID: 2)

--- MATCH BETTING ODDS ---
│ ML:     │ Home: +139 │ Draw: +254  │ Away: +181  │ (@6')
│ Spread: │ Home: +110 │ Hcap: 0.25  │ Away: -123  │ (@6')
│ O/U:    │ Over: -108 │ Line: 3.0   │ Under: -105 │ (@6') ★

--- MATCH ENVIRONMENT ---
Weather: Sunny
Temperature: 64.4°F
Wind: Light Air, 3.4 mph

--------------------------------------------------------------------------------

================================================================================
                                OU 3.0+ ALERT #3                                
                       Found: 05/28/2025 11:03:35 PM EDT                        
                           Match ID: 2y8m4zh536peql0                            
                        Competition ID: gx7lm7ph9lgm2wd                         
================================================================================

Competition: USL League Two (United States)
Match: Davis Legacy SC vs Project 51O
Score: 0 - 0 (HT: 0 - 0)
Status: Second Half (ID: 3)

--- MATCH BETTING ODDS ---
│ ML:     │ Home: +198 │ Draw: +280  │ Away: -106  │ (@6')
│ Spread: │ Home: -127 │ Hcap: -0.5  │ Away: -106  │ (@6')
│ O/U:    │ Over: -114 │ Line: 3.25  │ Under: -116 │ (@6') ★

--- MATCH ENVIRONMENT ---
Weather: Foggy
Temperature: 69.8°F
Wind: Light Breeze, 7.6 mph

--------------------------------------------------------------------------------

================================================================================
                                OU 3.0+ ALERT #4                                
                       Found: 05/28/2025 11:03:35 PM EDT                        
                           Match ID: 6ypq3nhv03nomd7                            
                        Competition ID: gx7lm7ph9lgm2wd                         
================================================================================

Competition: USL League Two (United States)
Match: Ventura County Fusion vs Hippocampus of southern California
Score: 0 - 1 (HT: 0 - 1)
Status: Second Half (ID: 3)

--- MATCH BETTING ODDS ---
│ ML:     │ Home: -10000 │ Draw: +950  │ Away: +1450 │ (@5')
│ Spread: │ Home: -106 │ Hcap: 3.25  │ Away: -128  │ (@6')
│ O/U:    │ Over: -115 │ Line: 4.5   │ Under: -118 │ (@6') ★

--- MATCH ENVIRONMENT ---
Weather: Sunny
Temperature: 59.0°F
Wind: Light Air, 2.7 mph

--------------------------------------------------------------------------------

================================================================================
                                OU 3.0+ ALERT #5                                
                       Found: 05/28/2025 11:03:35 PM EDT                        
                           Match ID: pxwrxlhyg538ryk                            
                        Competition ID: j1l4rjnhjg1m7vx                         
================================================================================

Competition: USA ULOC (United States)
Match: Monterey Bay FC vs Spokane Velocity
Score: 1 - 0 (HT: 1 - 0)
Status: Second Half (ID: 3)

--- MATCH BETTING ODDS ---
│ ML:     │ Home: -143 │ Draw: +274  │ Away: +347  │ (@6')
│ Spread: │ Home: -108 │ Hcap: -0.25 │ Away: -118  │ (@5')
│ O/U:    │ Over: -108 │ Line: 3.5   │ Under: -119 │ (@6') ★

--- MATCH ENVIRONMENT ---
Weather: Foggy
Temperature: 57.2°F
Wind: Light Breeze, 5.8 mph

================================================================================
                    OU 3.0+ ALERT CYCLE - LIVE MATCHES ONLY                     
                     Alert Time: 05/28/2025 11:04:01 PM EDT                     
                       NEW Matches Found: 5 of 18 scanned                       
================================================================================

================================================================================
                                OU 3.0+ ALERT #6                                
                       Found: 05/28/2025 11:04:01 PM EDT                        
                           Match ID: y39mp1hzgn5xmoj                            
                        Competition ID: kn54qllhg2qvy9d                         
================================================================================

Competition: United States Major League Soccer (United States)
Match: Portland Timbers vs Colorado Rapids
Score: 0 - 0 (HT: 0 - 0)
Status: Half Time (ID: 2)

--- MATCH BETTING ODDS ---
│ ML:     │ Home: -141 │ Draw: +285  │ Away: +363  │ (@6')
│ Spread: │ Home: -109 │ Hcap: 0.75  │ Away: -101  │ (@6')
│ O/U:    │ Over: +103 │ Line: 3.0   │ Under: -118 │ (@6') ★

--- MATCH ENVIRONMENT ---
Weather: Foggy
Temperature: 73.4°F
Wind: Light Breeze, 4.0 mph

--------------------------------------------------------------------------------

================================================================================
                                OU 3.0+ ALERT #7                                
                       Found: 05/28/2025 11:04:01 PM EDT                        
                           Match ID: dj2ryoh160geq1z                            
                        Competition ID: kn54qllhg2qvy9d                         
================================================================================

Competition: United States Major League Soccer (United States)
Match: Los Angeles Galaxy vs San Jose Earthquakes
Score: 0 - 0 (HT: 0 - 0)
Status: Half Time (ID: 2)

--- MATCH BETTING ODDS ---
│ ML:     │ Home: +139 │ Draw: +254  │ Away: +181  │ (@6')
│ Spread: │ Home: +110 │ Hcap: 0.25  │ Away: -123  │ (@6')
│ O/U:    │ Over: -108 │ Line: 3.0   │ Under: -105 │ (@6') ★

--- MATCH ENVIRONMENT ---
Weather: Sunny
Temperature: 64.4°F
Wind: Light Air, 3.4 mph

--------------------------------------------------------------------------------

================================================================================
                                OU 3.0+ ALERT #8                                
                       Found: 05/28/2025 11:04:01 PM EDT                        
                           Match ID: 2y8m4zh536peql0                            
                        Competition ID: gx7lm7ph9lgm2wd                         
================================================================================

Competition: USL League Two (United States)
Match: Davis Legacy SC vs Project 51O
Score: 0 - 0 (HT: 0 - 0)
Status: Second Half (ID: 3)

--- MATCH BETTING ODDS ---
│ ML:     │ Home: +198 │ Draw: +280  │ Away: -106  │ (@6')
│ Spread: │ Home: -127 │ Hcap: -0.5  │ Away: -106  │ (@6')
│ O/U:    │ Over: -114 │ Line: 3.25  │ Under: -116 │ (@6') ★

--- MATCH ENVIRONMENT ---
Weather: Foggy
Temperature: 69.8°F
Wind: Light Breeze, 7.6 mph

--------------------------------------------------------------------------------

================================================================================
                                OU 3.0+ ALERT #9                                
                       Found: 05/28/2025 11:04:01 PM EDT                        
                           Match ID: 6ypq3nhv03nomd7                            
                        Competition ID: gx7lm7ph9lgm2wd                         
================================================================================

Competition: USL League Two (United States)
Match: Ventura County Fusion vs Hippocampus of southern California
Score: 0 - 1 (HT: 0 - 1)
Status: Second Half (ID: 3)

--- MATCH BETTING ODDS ---
│ ML:     │ Home: -10000 │ Draw: +950  │ Away: +1450 │ (@5')
│ Spread: │ Home: -106 │ Hcap: 3.25  │ Away: -128  │ (@6')
│ O/U:    │ Over: -115 │ Line: 4.5   │ Under: -118 │ (@6') ★

--- MATCH ENVIRONMENT ---
Weather: Sunny
Temperature: 59.0°F
Wind: Light Air, 2.7 mph

--------------------------------------------------------------------------------

================================================================================
                               OU 3.0+ ALERT #10                                
                       Found: 05/28/2025 11:04:01 PM EDT                        
                           Match ID: pxwrxlhyg538ryk                            
                        Competition ID: j1l4rjnhjg1m7vx                         
================================================================================

Competition: USA ULOC (United States)
Match: Monterey Bay FC vs Spokane Velocity
Score: 1 - 0 (HT: 1 - 0)
Status: Second Half (ID: 3)

--- MATCH BETTING ODDS ---
│ ML:     │ Home: -143 │ Draw: +274  │ Away: +347  │ (@6')
│ Spread: │ Home: -108 │ Hcap: -0.25 │ Away: -118  │ (@5')
│ O/U:    │ Over: -108 │ Line: 3.5   │ Under: -119 │ (@6') ★

--- MATCH ENVIRONMENT ---
Weather: Foggy
Temperature: 57.2°F
Wind: Light Breeze, 5.8 mph

================================================================================
                    OU 3.0+ ALERT CYCLE - LIVE MATCHES ONLY                     
                     Alert Time: 05/28/2025 11:05:23 PM EDT                     
                       NEW Matches Found: 5 of 18 scanned                       
================================================================================

================================================================================
                               OU 3.0+ ALERT #11                                
                       Found: 05/28/2025 11:05:23 PM EDT                        
                           Match ID: y39mp1hzgn5xmoj                            
                        Competition ID: kn54qllhg2qvy9d                         
================================================================================

Competition: United States Major League Soccer (United States)
Match: Portland Timbers vs Colorado Rapids
Score: 0 - 0 (HT: 0 - 0)
Status: Half Time (ID: 2)

--- MATCH BETTING ODDS ---
│ ML:     │ Home: -141 │ Draw: +285  │ Away: +363  │ (@6')
│ Spread: │ Home: -109 │ Hcap: 0.75  │ Away: -101  │ (@6')
│ O/U:    │ Over: +103 │ Line: 3.0   │ Under: -118 │ (@6') ★

--- MATCH ENVIRONMENT ---
Weather: Foggy
Temperature: 73.4°F
Wind: Light Breeze, 4.0 mph

--------------------------------------------------------------------------------

================================================================================
                               OU 3.0+ ALERT #12                                
                       Found: 05/28/2025 11:05:23 PM EDT                        
                           Match ID: dj2ryoh160geq1z                            
                        Competition ID: kn54qllhg2qvy9d                         
================================================================================

Competition: United States Major League Soccer (United States)
Match: Los Angeles Galaxy vs San Jose Earthquakes
Score: 0 - 0 (HT: 0 - 0)
Status: Half Time (ID: 2)

--- MATCH BETTING ODDS ---
│ ML:     │ Home: +139 │ Draw: +254  │ Away: +181  │ (@6')
│ Spread: │ Home: +110 │ Hcap: 0.25  │ Away: -123  │ (@6')
│ O/U:    │ Over: -108 │ Line: 3.0   │ Under: -105 │ (@6') ★

--- MATCH ENVIRONMENT ---
Weather: Sunny
Temperature: 64.4°F
Wind: Light Air, 3.4 mph

--------------------------------------------------------------------------------

================================================================================
                               OU 3.0+ ALERT #13                                
                       Found: 05/28/2025 11:05:23 PM EDT                        
                           Match ID: 2y8m4zh536peql0                            
                        Competition ID: gx7lm7ph9lgm2wd                         
================================================================================

Competition: USL League Two (United States)
Match: Davis Legacy SC vs Project 51O
Score: 0 - 0 (HT: 0 - 0)
Status: Second Half (ID: 3)

--- MATCH BETTING ODDS ---
│ ML:     │ Home: +198 │ Draw: +280  │ Away: -106  │ (@6')
│ Spread: │ Home: -127 │ Hcap: -0.5  │ Away: -106  │ (@6')
│ O/U:    │ Over: -114 │ Line: 3.25  │ Under: -116 │ (@6') ★

--- MATCH ENVIRONMENT ---
Weather: Foggy
Temperature: 69.8°F
Wind: Light Breeze, 7.6 mph

--------------------------------------------------------------------------------

================================================================================
                               OU 3.0+ ALERT #14                                
                       Found: 05/28/2025 11:05:23 PM EDT                        
                           Match ID: 6ypq3nhv03nomd7                            
                        Competition ID: gx7lm7ph9lgm2wd                         
================================================================================

Competition: USL League Two (United States)
Match: Ventura County Fusion vs Hippocampus of southern California
Score: 0 - 1 (HT: 0 - 1)
Status: Second Half (ID: 3)

--- MATCH BETTING ODDS ---
│ ML:     │ Home: -10000 │ Draw: +950  │ Away: +1450 │ (@5')
│ Spread: │ Home: -106 │ Hcap: 3.25  │ Away: -128  │ (@6')
│ O/U:    │ Over: -115 │ Line: 4.5   │ Under: -118 │ (@6') ★

--- MATCH ENVIRONMENT ---
Weather: Sunny
Temperature: 59.0°F
Wind: Light Air, 2.7 mph

--------------------------------------------------------------------------------

================================================================================
                               OU 3.0+ ALERT #15                                
                       Found: 05/28/2025 11:05:23 PM EDT                        
                           Match ID: pxwrxlhyg538ryk                            
                        Competition ID: j1l4rjnhjg1m7vx                         
================================================================================

Competition: USA ULOC (United States)
Match: Monterey Bay FC vs Spokane Velocity
Score: 1 - 0 (HT: 1 - 0)
Status: Second Half (ID: 3)

--- MATCH BETTING ODDS ---
│ ML:     │ Home: -143 │ Draw: +274  │ Away: +347  │ (@6')
│ Spread: │ Home: -108 │ Hcap: -0.25 │ Away: -118  │ (@5')
│ O/U:    │ Over: -108 │ Line: 3.5   │ Under: -119 │ (@6') ★

--- MATCH ENVIRONMENT ---
Weather: Foggy
Temperature: 57.2°F
Wind: Light Breeze, 5.8 mph
